[0.825s] DEBUG:colcon:Command line arguments: ['/usr/bin/colcon', 'build']
[0.826s] DEBUG:colcon:Parsed command line arguments: Namespace(log_base=None, log_level=None, verb_name='build', build_base='build', install_base='install', merge_install=False, symlink_install=False, test_result_base=None, continue_on_error=False, executor='parallel', parallel_workers=4, event_handlers=None, ignore_user_meta=False, metas=['./colcon.meta'], base_paths=['.'], packages_ignore=None, packages_ignore_regex=None, paths=None, packages_up_to=None, packages_up_to_regex=None, packages_above=None, packages_above_and_dependencies=None, packages_above_depth=None, packages_select_by_dep=None, packages_skip_by_dep=None, packages_skip_up_to=None, packages_select_build_failed=False, packages_skip_build_finished=False, packages_select_test_failures=False, packages_skip_test_passed=False, packages_select=None, packages_skip=None, packages_select_regex=None, packages_skip_regex=None, packages_start=None, packages_end=None, allow_overriding=[], cmake_args=None, cmake_target=None, cmake_target_skip_unavailable=False, cmake_clean_cache=False, cmake_clean_first=False, cmake_force_configure=False, ament_cmake_args=None, catkin_cmake_args=None, catkin_skip_building_tests=False, verb_parser=<colcon_defaults.argument_parser.defaults.DefaultArgumentsDecorator object at 0xffffacdf5eb0>, verb_extension=<colcon_core.verb.build.BuildVerb object at 0xffffadabe0f0>, main=<bound method BuildVerb.main of <colcon_core.verb.build.BuildVerb object at 0xffffadabe0f0>>)
[1.122s] Level 1:colcon.colcon_core.package_discovery:discover_packages(colcon_meta) check parameters
[1.122s] Level 1:colcon.colcon_core.package_discovery:discover_packages(recursive) check parameters
[1.122s] Level 1:colcon.colcon_core.package_discovery:discover_packages(ignore) check parameters
[1.122s] Level 1:colcon.colcon_core.package_discovery:discover_packages(path) check parameters
[1.123s] Level 1:colcon.colcon_core.package_discovery:discover_packages(colcon_meta) discover
[1.123s] Level 1:colcon.colcon_core.package_discovery:discover_packages(recursive) discover
[1.123s] INFO:colcon.colcon_core.package_discovery:Crawling recursively for packages in '/home/ryutakawamoto/ros2_ws/src/cc02_autodrive'
[1.123s] Level 1:colcon.colcon_core.package_identification:_identify(.) by extensions ['ignore', 'ignore_ament_install']
[1.124s] Level 1:colcon.colcon_core.package_identification:_identify(.) by extension 'ignore'
[1.124s] Level 1:colcon.colcon_core.package_identification:_identify(.) by extension 'ignore_ament_install'
[1.124s] Level 1:colcon.colcon_core.package_identification:_identify(.) by extensions ['colcon_pkg']
[1.124s] Level 1:colcon.colcon_core.package_identification:_identify(.) by extension 'colcon_pkg'
[1.125s] Level 1:colcon.colcon_core.package_identification:_identify(.) by extensions ['colcon_meta']
[1.125s] Level 1:colcon.colcon_core.package_identification:_identify(.) by extension 'colcon_meta'
[1.125s] Level 1:colcon.colcon_core.package_identification:_identify(.) by extensions ['ros']
[1.125s] Level 1:colcon.colcon_core.package_identification:_identify(.) by extension 'ros'
[1.254s] DEBUG:colcon.colcon_core.package_identification:Package '.' with type 'ros.ament_python' and name 'cc02_autodrive'
[1.255s] Level 1:colcon.colcon_core.package_discovery:discover_packages(recursive) using defaults
[1.255s] Level 1:colcon.colcon_core.package_discovery:discover_packages(ignore) discover
[1.256s] Level 1:colcon.colcon_core.package_discovery:discover_packages(ignore) using defaults
[1.256s] Level 1:colcon.colcon_core.package_discovery:discover_packages(path) discover
[1.256s] Level 1:colcon.colcon_core.package_discovery:discover_packages(path) using defaults
[1.331s] Level 1:colcon.colcon_core.package_discovery:discover_packages(prefix_path) check parameters
[1.332s] Level 1:colcon.colcon_core.package_discovery:discover_packages(prefix_path) discover
[1.340s] DEBUG:colcon.colcon_installed_package_information.package_discovery:Found 3 installed packages in /home/ryutakawamoto/ros2_ws/install
[1.351s] DEBUG:colcon.colcon_installed_package_information.package_discovery:Found 288 installed packages in /opt/ros/jazzy
[1.355s] Level 1:colcon.colcon_core.package_discovery:discover_packages(prefix_path) using defaults
[1.566s] Level 5:colcon.colcon_core.verb:set package 'cc02_autodrive' build argument 'cmake_args' from command line to 'None'
[1.566s] Level 5:colcon.colcon_core.verb:set package 'cc02_autodrive' build argument 'cmake_target' from command line to 'None'
[1.566s] Level 5:colcon.colcon_core.verb:set package 'cc02_autodrive' build argument 'cmake_target_skip_unavailable' from command line to 'False'
[1.567s] Level 5:colcon.colcon_core.verb:set package 'cc02_autodrive' build argument 'cmake_clean_cache' from command line to 'False'
[1.567s] Level 5:colcon.colcon_core.verb:set package 'cc02_autodrive' build argument 'cmake_clean_first' from command line to 'False'
[1.567s] Level 5:colcon.colcon_core.verb:set package 'cc02_autodrive' build argument 'cmake_force_configure' from command line to 'False'
[1.568s] Level 5:colcon.colcon_core.verb:set package 'cc02_autodrive' build argument 'ament_cmake_args' from command line to 'None'
[1.568s] Level 5:colcon.colcon_core.verb:set package 'cc02_autodrive' build argument 'catkin_cmake_args' from command line to 'None'
[1.568s] Level 5:colcon.colcon_core.verb:set package 'cc02_autodrive' build argument 'catkin_skip_building_tests' from command line to 'False'
[1.568s] DEBUG:colcon.colcon_core.verb:Building package 'cc02_autodrive' with the following arguments: {'ament_cmake_args': None, 'build_base': '/home/ryutakawamoto/ros2_ws/src/cc02_autodrive/build/cc02_autodrive', 'catkin_cmake_args': None, 'catkin_skip_building_tests': False, 'cmake_args': None, 'cmake_clean_cache': False, 'cmake_clean_first': False, 'cmake_force_configure': False, 'cmake_target': None, 'cmake_target_skip_unavailable': False, 'install_base': '/home/ryutakawamoto/ros2_ws/src/cc02_autodrive/install/cc02_autodrive', 'merge_install': False, 'path': '/home/ryutakawamoto/ros2_ws/src/cc02_autodrive', 'symlink_install': False, 'test_result_base': None}
[1.569s] INFO:colcon.colcon_core.executor:Executing jobs using 'parallel' executor
[1.572s] DEBUG:colcon.colcon_parallel_executor.executor.parallel:run_until_complete
[1.573s] INFO:colcon.colcon_ros.task.ament_python.build:Building ROS package in '/home/ryutakawamoto/ros2_ws/src/cc02_autodrive' with build type 'ament_python'
[1.574s] Level 1:colcon.colcon_core.shell:create_environment_hook('cc02_autodrive', 'ament_prefix_path')
[1.583s] INFO:colcon.colcon_core.plugin_system:Skipping extension 'colcon_core.shell.bat': Not used on non-Windows systems
[1.584s] INFO:colcon.colcon_core.shell:Creating environment hook '/home/ryutakawamoto/ros2_ws/src/cc02_autodrive/install/cc02_autodrive/share/cc02_autodrive/hook/ament_prefix_path.ps1'
[1.587s] INFO:colcon.colcon_core.shell:Creating environment descriptor '/home/ryutakawamoto/ros2_ws/src/cc02_autodrive/install/cc02_autodrive/share/cc02_autodrive/hook/ament_prefix_path.dsv'
[1.589s] INFO:colcon.colcon_core.shell:Creating environment hook '/home/ryutakawamoto/ros2_ws/src/cc02_autodrive/install/cc02_autodrive/share/cc02_autodrive/hook/ament_prefix_path.sh'
[1.591s] INFO:colcon.colcon_core.shell:Skip shell extension 'powershell' for command environment: Not usable outside of PowerShell
[1.591s] DEBUG:colcon.colcon_core.shell:Skip shell extension 'dsv' for command environment
[2.655s] INFO:colcon.colcon_core.task.python.build:Building Python package in '/home/ryutakawamoto/ros2_ws/src/cc02_autodrive'
[2.656s] INFO:colcon.colcon_core.shell:Skip shell extension 'powershell' for command environment: Not usable outside of PowerShell
[2.656s] DEBUG:colcon.colcon_core.shell:Skip shell extension 'dsv' for command environment
[5.638s] DEBUG:colcon.colcon_core.event_handler.log_command:Invoking command in '/home/ryutakawamoto/ros2_ws/src/cc02_autodrive': DEBUGINFOD_URLS=https://debuginfod.ubuntu.com PYTHONPATH=/home/ryutakawamoto/ros2_ws/src/cc02_autodrive/build/cc02_autodrive/prefix_override:/usr/lib/python3/dist-packages/colcon_core/task/python/colcon_distutils_commands:/home/ryutakawamoto/ros2_ws/src/cc02_autodrive/install/cc02_autodrive/lib/python3.12/site-packages:${PYTHONPATH} /usr/bin/python3 -W ignore:setup.py install is deprecated -W ignore:easy_install command is deprecated setup.py egg_info --egg-base build/cc02_autodrive build --build-base /home/ryutakawamoto/ros2_ws/src/cc02_autodrive/build/cc02_autodrive/build install --record /home/ryutakawamoto/ros2_ws/src/cc02_autodrive/build/cc02_autodrive/install.log --single-version-externally-managed install_data
[8.358s] DEBUG:colcon.colcon_core.event_handler.log_command:Invoked command in '/home/ryutakawamoto/ros2_ws/src/cc02_autodrive' returned '0': DEBUGINFOD_URLS=https://debuginfod.ubuntu.com PYTHONPATH=/home/ryutakawamoto/ros2_ws/src/cc02_autodrive/build/cc02_autodrive/prefix_override:/usr/lib/python3/dist-packages/colcon_core/task/python/colcon_distutils_commands:/home/ryutakawamoto/ros2_ws/src/cc02_autodrive/install/cc02_autodrive/lib/python3.12/site-packages:${PYTHONPATH} /usr/bin/python3 -W ignore:setup.py install is deprecated -W ignore:easy_install command is deprecated setup.py egg_info --egg-base build/cc02_autodrive build --build-base /home/ryutakawamoto/ros2_ws/src/cc02_autodrive/build/cc02_autodrive/build install --record /home/ryutakawamoto/ros2_ws/src/cc02_autodrive/build/cc02_autodrive/install.log --single-version-externally-managed install_data
[8.367s] Level 1:colcon.colcon_core.environment:checking '/home/ryutakawamoto/ros2_ws/src/cc02_autodrive/install/cc02_autodrive' for CMake module files
[8.371s] Level 1:colcon.colcon_core.environment:checking '/home/ryutakawamoto/ros2_ws/src/cc02_autodrive/install/cc02_autodrive' for CMake config files
[8.376s] Level 1:colcon.colcon_core.environment:checking '/home/ryutakawamoto/ros2_ws/src/cc02_autodrive/install/cc02_autodrive/lib'
[8.376s] Level 1:colcon.colcon_core.environment:checking '/home/ryutakawamoto/ros2_ws/src/cc02_autodrive/install/cc02_autodrive/bin'
[8.377s] Level 1:colcon.colcon_core.environment:checking '/home/ryutakawamoto/ros2_ws/src/cc02_autodrive/install/cc02_autodrive/lib/pkgconfig/cc02_autodrive.pc'
[8.378s] Level 1:colcon.colcon_core.environment:checking '/home/ryutakawamoto/ros2_ws/src/cc02_autodrive/install/cc02_autodrive/lib/python3.12/site-packages'
[8.378s] Level 1:colcon.colcon_core.shell:create_environment_hook('cc02_autodrive', 'pythonpath')
[8.379s] INFO:colcon.colcon_core.shell:Creating environment hook '/home/ryutakawamoto/ros2_ws/src/cc02_autodrive/install/cc02_autodrive/share/cc02_autodrive/hook/pythonpath.ps1'
[8.381s] INFO:colcon.colcon_core.shell:Creating environment descriptor '/home/ryutakawamoto/ros2_ws/src/cc02_autodrive/install/cc02_autodrive/share/cc02_autodrive/hook/pythonpath.dsv'
[8.382s] INFO:colcon.colcon_core.shell:Creating environment hook '/home/ryutakawamoto/ros2_ws/src/cc02_autodrive/install/cc02_autodrive/share/cc02_autodrive/hook/pythonpath.sh'
[8.385s] Level 1:colcon.colcon_core.environment:checking '/home/ryutakawamoto/ros2_ws/src/cc02_autodrive/install/cc02_autodrive/bin'
[8.385s] Level 1:colcon.colcon_core.environment:create_environment_scripts_only(cc02_autodrive)
[8.386s] INFO:colcon.colcon_core.shell:Creating package script '/home/ryutakawamoto/ros2_ws/src/cc02_autodrive/install/cc02_autodrive/share/cc02_autodrive/package.ps1'
[8.391s] INFO:colcon.colcon_core.shell:Creating package descriptor '/home/ryutakawamoto/ros2_ws/src/cc02_autodrive/install/cc02_autodrive/share/cc02_autodrive/package.dsv'
[8.393s] INFO:colcon.colcon_core.shell:Creating package script '/home/ryutakawamoto/ros2_ws/src/cc02_autodrive/install/cc02_autodrive/share/cc02_autodrive/package.sh'
[8.396s] INFO:colcon.colcon_core.shell:Creating package script '/home/ryutakawamoto/ros2_ws/src/cc02_autodrive/install/cc02_autodrive/share/cc02_autodrive/package.bash'
[8.399s] INFO:colcon.colcon_core.shell:Creating package script '/home/ryutakawamoto/ros2_ws/src/cc02_autodrive/install/cc02_autodrive/share/cc02_autodrive/package.zsh'
[8.401s] Level 1:colcon.colcon_core.environment:create_file_with_runtime_dependencies(/home/ryutakawamoto/ros2_ws/src/cc02_autodrive/install/cc02_autodrive/share/colcon-core/packages/cc02_autodrive)
[8.402s] DEBUG:colcon.colcon_parallel_executor.executor.parallel:closing loop
[8.404s] DEBUG:colcon.colcon_parallel_executor.executor.parallel:loop closed
[8.404s] DEBUG:colcon.colcon_parallel_executor.executor.parallel:run_until_complete finished with '0'
[8.405s] DEBUG:colcon.colcon_core.event_reactor:joining thread
[8.406s] DEBUG:colcon.colcon_core.event_reactor:joined thread
[8.407s] INFO:colcon.colcon_core.shell:Creating prefix script '/home/ryutakawamoto/ros2_ws/src/cc02_autodrive/install/local_setup.ps1'
[8.410s] INFO:colcon.colcon_core.shell:Creating prefix util module '/home/ryutakawamoto/ros2_ws/src/cc02_autodrive/install/_local_setup_util_ps1.py'
[8.414s] INFO:colcon.colcon_core.shell:Creating prefix chain script '/home/ryutakawamoto/ros2_ws/src/cc02_autodrive/install/setup.ps1'
[8.419s] INFO:colcon.colcon_core.shell:Creating prefix script '/home/ryutakawamoto/ros2_ws/src/cc02_autodrive/install/local_setup.sh'
[8.422s] INFO:colcon.colcon_core.shell:Creating prefix util module '/home/ryutakawamoto/ros2_ws/src/cc02_autodrive/install/_local_setup_util_sh.py'
[8.424s] INFO:colcon.colcon_core.shell:Creating prefix chain script '/home/ryutakawamoto/ros2_ws/src/cc02_autodrive/install/setup.sh'
[8.429s] INFO:colcon.colcon_core.shell:Creating prefix script '/home/ryutakawamoto/ros2_ws/src/cc02_autodrive/install/local_setup.bash'
[8.431s] INFO:colcon.colcon_core.shell:Creating prefix chain script '/home/ryutakawamoto/ros2_ws/src/cc02_autodrive/install/setup.bash'
[8.435s] INFO:colcon.colcon_core.shell:Creating prefix script '/home/ryutakawamoto/ros2_ws/src/cc02_autodrive/install/local_setup.zsh'
[8.437s] INFO:colcon.colcon_core.shell:Creating prefix chain script '/home/ryutakawamoto/ros2_ws/src/cc02_autodrive/install/setup.zsh'
