/home/ryutakawamoto/ros2_ws/src/cc02_autodrive/install/cc02_autodrive/lib/python3.12/site-packages/cc02_autodrive/__init__.py
/home/ryutakawamoto/ros2_ws/src/cc02_autodrive/install/cc02_autodrive/lib/python3.12/site-packages/cc02_autodrive/pid_controller.py
/home/ryutakawamoto/ros2_ws/src/cc02_autodrive/install/cc02_autodrive/lib/python3.12/site-packages/cc02_autodrive/mouse_trigger_node.py
/home/ryutakawamoto/ros2_ws/src/cc02_autodrive/install/cc02_autodrive/lib/python3.12/site-packages/cc02_autodrive/__pycache__/__init__.cpython-312.pyc
/home/ryutakawamoto/ros2_ws/src/cc02_autodrive/install/cc02_autodrive/lib/python3.12/site-packages/cc02_autodrive/__pycache__/pid_controller.cpython-312.pyc
/home/ryutakawamoto/ros2_ws/src/cc02_autodrive/install/cc02_autodrive/lib/python3.12/site-packages/cc02_autodrive/__pycache__/mouse_trigger_node.cpython-312.pyc
/home/ryutakawamoto/ros2_ws/src/cc02_autodrive/install/cc02_autodrive/share/ament_index/resource_index/packages/cc02_autodrive
/home/ryutakawamoto/ros2_ws/src/cc02_autodrive/install/cc02_autodrive/share/cc02_autodrive/package.xml
/home/ryutakawamoto/ros2_ws/src/cc02_autodrive/install/cc02_autodrive/share/cc02_autodrive/wp_position.csv
/home/ryutakawamoto/ros2_ws/src/cc02_autodrive/install/cc02_autodrive/share/cc02_autodrive/launch/autodrive_bringup.launch.py
/home/ryutakawamoto/ros2_ws/src/cc02_autodrive/install/cc02_autodrive/lib/python3.12/site-packages/cc02_autodrive-0.0.0-py3.12.egg-info/requires.txt
/home/ryutakawamoto/ros2_ws/src/cc02_autodrive/install/cc02_autodrive/lib/python3.12/site-packages/cc02_autodrive-0.0.0-py3.12.egg-info/top_level.txt
/home/ryutakawamoto/ros2_ws/src/cc02_autodrive/install/cc02_autodrive/lib/python3.12/site-packages/cc02_autodrive-0.0.0-py3.12.egg-info/zip-safe
/home/ryutakawamoto/ros2_ws/src/cc02_autodrive/install/cc02_autodrive/lib/python3.12/site-packages/cc02_autodrive-0.0.0-py3.12.egg-info/PKG-INFO
/home/ryutakawamoto/ros2_ws/src/cc02_autodrive/install/cc02_autodrive/lib/python3.12/site-packages/cc02_autodrive-0.0.0-py3.12.egg-info/SOURCES.txt
/home/ryutakawamoto/ros2_ws/src/cc02_autodrive/install/cc02_autodrive/lib/python3.12/site-packages/cc02_autodrive-0.0.0-py3.12.egg-info/dependency_links.txt
/home/ryutakawamoto/ros2_ws/src/cc02_autodrive/install/cc02_autodrive/lib/python3.12/site-packages/cc02_autodrive-0.0.0-py3.12.egg-info/entry_points.txt
/home/ryutakawamoto/ros2_ws/src/cc02_autodrive/install/cc02_autodrive/lib/cc02_autodrive/mouse_trigger_node
/home/ryutakawamoto/ros2_ws/src/cc02_autodrive/install/cc02_autodrive/lib/cc02_autodrive/pid_node
/home/ryutakawamoto/ros2_ws/src/cc02_autodrive/install/cc02_autodrive/lib/cc02_autodrive/pid_node_v2
