running egg_info
creating build/cc02_autodrive/cc02_autodrive.egg-info
writing build/cc02_autodrive/cc02_autodrive.egg-info/PKG-INFO
writing dependency_links to build/cc02_autodrive/cc02_autodrive.egg-info/dependency_links.txt
writing entry points to build/cc02_autodrive/cc02_autodrive.egg-info/entry_points.txt
writing requirements to build/cc02_autodrive/cc02_autodrive.egg-info/requires.txt
writing top-level names to build/cc02_autodrive/cc02_autodrive.egg-info/top_level.txt
writing manifest file 'build/cc02_autodrive/cc02_autodrive.egg-info/SOURCES.txt'
reading manifest file 'build/cc02_autodrive/cc02_autodrive.egg-info/SOURCES.txt'
writing manifest file 'build/cc02_autodrive/cc02_autodrive.egg-info/SOURCES.txt'
running build
running build_py
creating /home/ryutakawamoto/ros2_ws/src/cc02_autodrive/build/cc02_autodrive/build
creating /home/ryutakawamoto/ros2_ws/src/cc02_autodrive/build/cc02_autodrive/build/lib
creating /home/ryutakawamoto/ros2_ws/src/cc02_autodrive/build/cc02_autodrive/build/lib/cc02_autodrive
copying cc02_autodrive/__init__.py -> /home/ryutakawamoto/ros2_ws/src/cc02_autodrive/build/cc02_autodrive/build/lib/cc02_autodrive
copying cc02_autodrive/pid_controller.py -> /home/ryutakawamoto/ros2_ws/src/cc02_autodrive/build/cc02_autodrive/build/lib/cc02_autodrive
copying cc02_autodrive/mouse_trigger_node.py -> /home/ryutakawamoto/ros2_ws/src/cc02_autodrive/build/cc02_autodrive/build/lib/cc02_autodrive
running install
running install_lib
creating /home/ryutakawamoto/ros2_ws/src/cc02_autodrive/install/cc02_autodrive/lib/python3.12/site-packages/cc02_autodrive
copying /home/ryutakawamoto/ros2_ws/src/cc02_autodrive/build/cc02_autodrive/build/lib/cc02_autodrive/__init__.py -> /home/ryutakawamoto/ros2_ws/src/cc02_autodrive/install/cc02_autodrive/lib/python3.12/site-packages/cc02_autodrive
copying /home/ryutakawamoto/ros2_ws/src/cc02_autodrive/build/cc02_autodrive/build/lib/cc02_autodrive/pid_controller.py -> /home/ryutakawamoto/ros2_ws/src/cc02_autodrive/install/cc02_autodrive/lib/python3.12/site-packages/cc02_autodrive
copying /home/ryutakawamoto/ros2_ws/src/cc02_autodrive/build/cc02_autodrive/build/lib/cc02_autodrive/mouse_trigger_node.py -> /home/ryutakawamoto/ros2_ws/src/cc02_autodrive/install/cc02_autodrive/lib/python3.12/site-packages/cc02_autodrive
byte-compiling /home/ryutakawamoto/ros2_ws/src/cc02_autodrive/install/cc02_autodrive/lib/python3.12/site-packages/cc02_autodrive/__init__.py to __init__.cpython-312.pyc
byte-compiling /home/ryutakawamoto/ros2_ws/src/cc02_autodrive/install/cc02_autodrive/lib/python3.12/site-packages/cc02_autodrive/pid_controller.py to pid_controller.cpython-312.pyc
byte-compiling /home/ryutakawamoto/ros2_ws/src/cc02_autodrive/install/cc02_autodrive/lib/python3.12/site-packages/cc02_autodrive/mouse_trigger_node.py to mouse_trigger_node.cpython-312.pyc
running install_data
creating /home/ryutakawamoto/ros2_ws/src/cc02_autodrive/install/cc02_autodrive/share/ament_index
creating /home/ryutakawamoto/ros2_ws/src/cc02_autodrive/install/cc02_autodrive/share/ament_index/resource_index
creating /home/ryutakawamoto/ros2_ws/src/cc02_autodrive/install/cc02_autodrive/share/ament_index/resource_index/packages
copying resource/cc02_autodrive -> /home/ryutakawamoto/ros2_ws/src/cc02_autodrive/install/cc02_autodrive/share/ament_index/resource_index/packages
copying package.xml -> /home/ryutakawamoto/ros2_ws/src/cc02_autodrive/install/cc02_autodrive/share/cc02_autodrive
copying cc02_autodrive/wp_position.csv -> /home/ryutakawamoto/ros2_ws/src/cc02_autodrive/install/cc02_autodrive/share/cc02_autodrive
creating /home/ryutakawamoto/ros2_ws/src/cc02_autodrive/install/cc02_autodrive/share/cc02_autodrive/launch
copying launch/autodrive_bringup.launch.py -> /home/ryutakawamoto/ros2_ws/src/cc02_autodrive/install/cc02_autodrive/share/cc02_autodrive/launch
running install_egg_info
Copying build/cc02_autodrive/cc02_autodrive.egg-info to /home/ryutakawamoto/ros2_ws/src/cc02_autodrive/install/cc02_autodrive/lib/python3.12/site-packages/cc02_autodrive-0.0.0-py3.12.egg-info
running install_scripts
Installing mouse_trigger_node script to /home/ryutakawamoto/ros2_ws/src/cc02_autodrive/install/cc02_autodrive/lib/cc02_autodrive
Installing pid_node script to /home/ryutakawamoto/ros2_ws/src/cc02_autodrive/install/cc02_autodrive/lib/cc02_autodrive
Installing pid_node_v2 script to /home/ryutakawamoto/ros2_ws/src/cc02_autodrive/install/cc02_autodrive/lib/cc02_autodrive
writing list of installed files to '/home/ryutakawamoto/ros2_ws/src/cc02_autodrive/build/cc02_autodrive/install.log'
