[4.063s] Invoking command in '/home/ryutakawamoto/ros2_ws/src/cc02_autodrive': DEBUGINFOD_URLS=https://debuginfod.ubuntu.com PYTHONPATH=/home/ryutakawamoto/ros2_ws/src/cc02_autodrive/build/cc02_autodrive/prefix_override:/usr/lib/python3/dist-packages/colcon_core/task/python/colcon_distutils_commands:/home/ryutakawamoto/ros2_ws/src/cc02_autodrive/install/cc02_autodrive/lib/python3.12/site-packages:${PYTHONPATH} /usr/bin/python3 -W ignore:setup.py install is deprecated -W ignore:easy_install command is deprecated setup.py egg_info --egg-base build/cc02_autodrive build --build-base /home/ryutakawamoto/ros2_ws/src/cc02_autodrive/build/cc02_autodrive/build install --record /home/ryutakawamoto/ros2_ws/src/cc02_autodrive/build/cc02_autodrive/install.log --single-version-externally-managed install_data
[5.322s] running egg_info
[5.324s] creating build/cc02_autodrive/cc02_autodrive.egg-info
[5.416s] writing build/cc02_autodrive/cc02_autodrive.egg-info/PKG-INFO
[5.417s] writing dependency_links to build/cc02_autodrive/cc02_autodrive.egg-info/dependency_links.txt
[5.418s] writing entry points to build/cc02_autodrive/cc02_autodrive.egg-info/entry_points.txt
[5.419s] writing requirements to build/cc02_autodrive/cc02_autodrive.egg-info/requires.txt
[5.420s] writing top-level names to build/cc02_autodrive/cc02_autodrive.egg-info/top_level.txt
[5.420s] writing manifest file 'build/cc02_autodrive/cc02_autodrive.egg-info/SOURCES.txt'
[5.612s] reading manifest file 'build/cc02_autodrive/cc02_autodrive.egg-info/SOURCES.txt'
[5.615s] writing manifest file 'build/cc02_autodrive/cc02_autodrive.egg-info/SOURCES.txt'
[5.616s] running build
[5.617s] running build_py
[5.617s] creating /home/ryutakawamoto/ros2_ws/src/cc02_autodrive/build/cc02_autodrive/build
[5.618s] creating /home/ryutakawamoto/ros2_ws/src/cc02_autodrive/build/cc02_autodrive/build/lib
[5.619s] creating /home/ryutakawamoto/ros2_ws/src/cc02_autodrive/build/cc02_autodrive/build/lib/cc02_autodrive
[5.620s] copying cc02_autodrive/__init__.py -> /home/ryutakawamoto/ros2_ws/src/cc02_autodrive/build/cc02_autodrive/build/lib/cc02_autodrive
[5.620s] copying cc02_autodrive/pid_controller.py -> /home/ryutakawamoto/ros2_ws/src/cc02_autodrive/build/cc02_autodrive/build/lib/cc02_autodrive
[5.621s] copying cc02_autodrive/mouse_trigger_node.py -> /home/ryutakawamoto/ros2_ws/src/cc02_autodrive/build/cc02_autodrive/build/lib/cc02_autodrive
[5.622s] running install
[5.647s] running install_lib
[5.749s] creating /home/ryutakawamoto/ros2_ws/src/cc02_autodrive/install/cc02_autodrive/lib/python3.12/site-packages/cc02_autodrive
[5.750s] copying /home/ryutakawamoto/ros2_ws/src/cc02_autodrive/build/cc02_autodrive/build/lib/cc02_autodrive/__init__.py -> /home/ryutakawamoto/ros2_ws/src/cc02_autodrive/install/cc02_autodrive/lib/python3.12/site-packages/cc02_autodrive
[5.751s] copying /home/ryutakawamoto/ros2_ws/src/cc02_autodrive/build/cc02_autodrive/build/lib/cc02_autodrive/pid_controller.py -> /home/ryutakawamoto/ros2_ws/src/cc02_autodrive/install/cc02_autodrive/lib/python3.12/site-packages/cc02_autodrive
[5.752s] copying /home/ryutakawamoto/ros2_ws/src/cc02_autodrive/build/cc02_autodrive/build/lib/cc02_autodrive/mouse_trigger_node.py -> /home/ryutakawamoto/ros2_ws/src/cc02_autodrive/install/cc02_autodrive/lib/python3.12/site-packages/cc02_autodrive
[5.755s] byte-compiling /home/ryutakawamoto/ros2_ws/src/cc02_autodrive/install/cc02_autodrive/lib/python3.12/site-packages/cc02_autodrive/__init__.py to __init__.cpython-312.pyc
[5.757s] byte-compiling /home/ryutakawamoto/ros2_ws/src/cc02_autodrive/install/cc02_autodrive/lib/python3.12/site-packages/cc02_autodrive/pid_controller.py to pid_controller.cpython-312.pyc
[5.767s] byte-compiling /home/ryutakawamoto/ros2_ws/src/cc02_autodrive/install/cc02_autodrive/lib/python3.12/site-packages/cc02_autodrive/mouse_trigger_node.py to mouse_trigger_node.cpython-312.pyc
[5.771s] running install_data
[5.772s] creating /home/ryutakawamoto/ros2_ws/src/cc02_autodrive/install/cc02_autodrive/share/ament_index
[5.773s] creating /home/ryutakawamoto/ros2_ws/src/cc02_autodrive/install/cc02_autodrive/share/ament_index/resource_index
[5.773s] creating /home/ryutakawamoto/ros2_ws/src/cc02_autodrive/install/cc02_autodrive/share/ament_index/resource_index/packages
[5.774s] copying resource/cc02_autodrive -> /home/ryutakawamoto/ros2_ws/src/cc02_autodrive/install/cc02_autodrive/share/ament_index/resource_index/packages
[5.775s] copying package.xml -> /home/ryutakawamoto/ros2_ws/src/cc02_autodrive/install/cc02_autodrive/share/cc02_autodrive
[5.776s] copying cc02_autodrive/wp_position.csv -> /home/ryutakawamoto/ros2_ws/src/cc02_autodrive/install/cc02_autodrive/share/cc02_autodrive
[5.778s] creating /home/ryutakawamoto/ros2_ws/src/cc02_autodrive/install/cc02_autodrive/share/cc02_autodrive/launch
[5.778s] copying launch/autodrive_bringup.launch.py -> /home/ryutakawamoto/ros2_ws/src/cc02_autodrive/install/cc02_autodrive/share/cc02_autodrive/launch
[5.779s] running install_egg_info
[5.881s] Copying build/cc02_autodrive/cc02_autodrive.egg-info to /home/ryutakawamoto/ros2_ws/src/cc02_autodrive/install/cc02_autodrive/lib/python3.12/site-packages/cc02_autodrive-0.0.0-py3.12.egg-info
[5.887s] running install_scripts
[6.631s] Installing mouse_trigger_node script to /home/ryutakawamoto/ros2_ws/src/cc02_autodrive/install/cc02_autodrive/lib/cc02_autodrive
[6.631s] Installing pid_node script to /home/ryutakawamoto/ros2_ws/src/cc02_autodrive/install/cc02_autodrive/lib/cc02_autodrive
[6.632s] Installing pid_node_v2 script to /home/ryutakawamoto/ros2_ws/src/cc02_autodrive/install/cc02_autodrive/lib/cc02_autodrive
[6.634s] writing list of installed files to '/home/ryutakawamoto/ros2_ws/src/cc02_autodrive/build/cc02_autodrive/install.log'
[6.783s] Invoked command in '/home/ryutakawamoto/ros2_ws/src/cc02_autodrive' returned '0': DEBUGINFOD_URLS=https://debuginfod.ubuntu.com PYTHONPATH=/home/ryutakawamoto/ros2_ws/src/cc02_autodrive/build/cc02_autodrive/prefix_override:/usr/lib/python3/dist-packages/colcon_core/task/python/colcon_distutils_commands:/home/ryutakawamoto/ros2_ws/src/cc02_autodrive/install/cc02_autodrive/lib/python3.12/site-packages:${PYTHONPATH} /usr/bin/python3 -W ignore:setup.py install is deprecated -W ignore:easy_install command is deprecated setup.py egg_info --egg-base build/cc02_autodrive build --build-base /home/ryutakawamoto/ros2_ws/src/cc02_autodrive/build/cc02_autodrive/build install --record /home/ryutakawamoto/ros2_ws/src/cc02_autodrive/build/cc02_autodrive/install.log --single-version-externally-managed install_data
